<?xml version="1.0" encoding="UTF-8"?>
<!-- Generated by org.testng.reporters.JUnitReportReporter -->
<testsuite hostname="LAPTOP-BADH85B6" failures="0" tests="2" name="testRunner.TestNGTestRunner" time="98.025" errors="0" timestamp="2022-06-02T13:59:23 MST" skipped="0">
  <testcase classname="testRunner.TestNGTestRunner" name="runScenario" time="49.172"/>
  <system-out/>
  <testcase classname="testRunner.TestNGTestRunner" name="runScenario" time="48.853"/>
  <system-out/>
</testsuite> <!-- testRunner.TestNGTestRunner -->
