<?xml version="1.0" encoding="UTF-8"?>
<!-- Generated by org.testng.reporters.JUnitReportReporter -->
<testsuite hostname="Sumathi" failures="0" tests="2" name="testRunner.TestNGTestRunner" time="13.716" errors="0" timestamp="2022-06-02T12:01:05 MDT" skipped="0">
  <testcase classname="testRunner.TestNGTestRunner" name="runScenario" time="6.858"/>
  <system-out/>
  <testcase classname="testRunner.TestNGTestRunner" name="runScenario" time="6.858"/>
  <system-out/>
</testsuite> <!-- testRunner.TestNGTestRunner -->
