<?xml version="1.0" encoding="UTF-8"?>
<!-- Generated by org.testng.reporters.JUnitReportReporter -->
<testsuite hostname="Sumathi" failures="1" tests="4" name="testRunner.TestNGTestRunner" time="22.673" errors="0" timestamp="2022-05-25T16:39:17 MDT" skipped="0">
  <testcase classname="testRunner.TestNGTestRunner" name="runScenario" time="4.350">
    <failure message="expected [Tomato] but found [Beetroot]" type="java.lang.AssertionError">
      <![CDATA[java.lang.AssertionError: expected [Tomato] but found [Beetroot]
at org.testng.Assert.fail(Assert.java:110)
at org.testng.Assert.failNotEquals(Assert.java:1413)
at org.testng.Assert.assertEqualsImpl(Assert.java:149)
at org.testng.Assert.assertEquals(Assert.java:131)
at org.testng.Assert.assertEquals(Assert.java:655)
at org.testng.Assert.assertEquals(Assert.java:665)
at stepDefinitions.shoppingStepDef.user_exctract_the_actual_name_of_the_product(shoppingStepDef.java:44)
at âœ½.User exctract the actual name of the product(file:///C:/Users/nsuma/OneDrive/Desktop/Selenium%20Workspace/Cucumber/src/test/java/Feature/shopping.feature:7)
]]>
    </failure>
  </testcase> <!-- runScenario -->
  <system-out/>
  <testcase classname="testRunner.TestNGTestRunner" name="runScenario" time="6.362"/>
  <system-out/>
  <testcase classname="testRunner.TestNGTestRunner" name="runScenario" time="7.674"/>
  <system-out/>
  <testcase classname="testRunner.TestNGTestRunner" name="runScenario" time="4.287"/>
  <system-out/>
</testsuite> <!-- testRunner.TestNGTestRunner -->
