<?xml version="1.0" encoding="UTF-8"?>
<!-- Generated by org.testng.reporters.JUnitReportReporter -->
<testsuite hostname="LAPTOP-BADH85B6" failures="1" tests="3" name="testRunner.TestNGTestRunner" time="51.066" errors="1" timestamp="2022-06-02T15:04:08 MST" skipped="0">
  <testcase classname="testRunner.TestNGTestRunner" name="runScenario" time="17.389">
    <error message="C:\Users\einst\eclipse-workspace-new\Cucumber\src\test\resource2\SampleExcel.xlsx" type="java.io.FileNotFoundException">
      <![CDATA[java.io.FileNotFoundException: C:\Users\einst\eclipse-workspace-new\Cucumber\src\test\resource2\SampleExcel.xlsx
at org.apache.poi.ss.usermodel.WorkbookFactory.create(WorkbookFactory.java:317)
at org.apache.poi.ss.usermodel.WorkbookFactory.create(WorkbookFactory.java:295)
at org.apache.poi.ss.usermodel.WorkbookFactory.create(WorkbookFactory.java:276)
at testUtils.ExcelReader.getWorkBook(ExcelReader.java:45)
at testUtils.ExcelReader.getSheetByName(ExcelReader.java:35)
at testUtils.ExcelReader.getData(ExcelReader.java:24)
at stepDefinitions.ShoppingStepDef.user_search_the_product_from_and_rownumber(ShoppingStepDef.java:44)
at ✽.User search the product from "product" and rownumber 0(file:///C:/Users/einst/eclipse-workspace-new/Cucumber/src/test/java/Feature/01Shopping.feature:7)
]]>
    </error>
  </testcase> <!-- runScenario -->
  <system-out/>
  <testcase classname="testRunner.TestNGTestRunner" name="runScenario" time="18.422">
    <failure message="expected [null] but found [Tomato]" type="java.lang.AssertionError">
      <![CDATA[java.lang.AssertionError: expected [null] but found [Tomato]
at org.testng.Assert.fail(Assert.java:110)
at org.testng.Assert.failNotEquals(Assert.java:1413)
at org.testng.Assert.assertEqualsImpl(Assert.java:149)
at org.testng.Assert.assertEquals(Assert.java:131)
at org.testng.Assert.assertEquals(Assert.java:655)
at org.testng.Assert.assertEquals(Assert.java:665)
at stepDefinitions.OfferStepDef.user_check_if_the_product_exists(OfferStepDef.java:70)
at ✽.User check if the product exists Tom(file:///C:/Users/einst/eclipse-workspace-new/Cucumber/src/test/java/Feature/02Offer.feature:12)
]]>
    </failure>
  </testcase> <!-- runScenario -->
  <system-out/>
  <testcase classname="testRunner.TestNGTestRunner" name="runScenario" time="15.255"/>
  <system-out/>
</testsuite> <!-- testRunner.TestNGTestRunner -->
